Flow report for 8-bit-cpu
Sun Jan 06 15:01:04 2019
Quartus II 64-Bit Version 13.0.1 Build 232 06/12/2013 Service Pack 1 SJ Full Version


---------------------
; Table of Contents ;
---------------------
  1. Legal Notice
  2. Flow Summary
  3. Flow Settings
  4. Flow Non-Default Global Settings
  5. Flow Elapsed Time
  6. Flow OS Summary
  7. Flow Log
  8. Flow Messages
  9. Flow Suppressed Messages



----------------
; Legal Notice ;
----------------
Copyright (C) 1991-2013 Altera Corporation
Your use of Altera Corporation's design tools, logic functions 
and other software and tools, and its AMPP partner logic 
functions, and any output files from any of the foregoing 
(including device programming or simulation files), and any 
associated documentation or information are expressly subject 
to the terms and conditions of the Altera Program License 
Subscription Agreement, Altera MegaCore Function License 
Agreement, or other applicable license agreement, including, 
without limitation, that your use is for the sole purpose of 
programming logic devices manufactured by Altera and sold by 
Altera or its authorized distributors.  Please refer to the 
applicable agreement for further details.



+---------------------------------------------------------------------------------------+
; Flow Summary                                                                          ;
+------------------------------------+--------------------------------------------------+
; Flow Status                        ; Successful - Sun Jan 06 15:01:04 2019            ;
; Quartus II 64-Bit Version          ; 13.0.1 Build 232 06/12/2013 SP 1 SJ Full Version ;
; Revision Name                      ; 8-bit-cpu                                        ;
; Top-level Entity Name              ; ALU_MD                                           ;
; Family                             ; Cyclone IV GX                                    ;
; Total logic elements               ; 440 / 21,280 ( 2 % )                             ;
;     Total combinational functions  ; 440 / 21,280 ( 2 % )                             ;
;     Dedicated logic registers      ; 0 / 21,280 ( 0 % )                               ;
; Total registers                    ; 0                                                ;
; Total pins                         ; 85 / 167 ( 51 % )                                ;
; Total virtual pins                 ; 0                                                ;
; Total memory bits                  ; 0 / 774,144 ( 0 % )                              ;
; Embedded Multiplier 9-bit elements ; 0 / 80 ( 0 % )                                   ;
; Total GXB Receiver Channel PCS     ; 0 / 4 ( 0 % )                                    ;
; Total GXB Receiver Channel PMA     ; 0 / 4 ( 0 % )                                    ;
; Total GXB Transmitter Channel PCS  ; 0 / 4 ( 0 % )                                    ;
; Total GXB Transmitter Channel PMA  ; 0 / 4 ( 0 % )                                    ;
; Total PLLs                         ; 0 / 4 ( 0 % )                                    ;
; Device                             ; EP4CGX22CF19C6                                   ;
; Timing Models                      ; Final                                            ;
+------------------------------------+--------------------------------------------------+


+-----------------------------------------+
; Flow Settings                           ;
+-------------------+---------------------+
; Option            ; Setting             ;
+-------------------+---------------------+
; Start date & time ; 01/06/2019 14:57:04 ;
; Main task         ; Compilation         ;
; Revision Name     ; 8-bit-cpu           ;
+-------------------+---------------------+


+---------------------------------------------------------------------------------------------------------------------+
; Flow Non-Default Global Settings                                                                                    ;
+-------------------------------------+--------------------------------+---------------+-------------+----------------+
; Assignment Name                     ; Value                          ; Default Value ; Entity Name ; Section Id     ;
+-------------------------------------+--------------------------------+---------------+-------------+----------------+
; COMPILER_SIGNATURE_ID               ; 35490513694388.154675782407396 ; --            ; --          ; --             ;
; EDA_GENERATE_FUNCTIONAL_NETLIST     ; On                             ; --            ; --          ; eda_simulation ;
; EDA_OUTPUT_DATA_FORMAT              ; Verilog Hdl                    ; --            ; --          ; eda_simulation ;
; EDA_SIMULATION_TOOL                 ; ModelSim-Altera (Verilog)      ; <None>        ; --          ; --             ;
; PARTITION_COLOR                     ; 16764057                       ; --            ; ALU_MD      ; Top            ;
; PARTITION_FITTER_PRESERVATION_LEVEL ; PLACEMENT_AND_ROUTING          ; --            ; ALU_MD      ; Top            ;
; PARTITION_NETLIST_TYPE              ; SOURCE                         ; --            ; ALU_MD      ; Top            ;
; PROJECT_OUTPUT_DIRECTORY            ; output_files                   ; --            ; --          ; --             ;
; TOP_LEVEL_ENTITY                    ; ALU_MD                         ; 8-bit-cpu     ; --          ; --             ;
+-------------------------------------+--------------------------------+---------------+-------------+----------------+


+-------------------------------------------------------------------------------------------------------------------------------+
; Flow Elapsed Time                                                                                                             ;
+---------------------------+--------------+-------------------------+---------------------+------------------------------------+
; Module Name               ; Elapsed Time ; Average Processors Used ; Peak Virtual Memory ; Total CPU Time (on all processors) ;
+---------------------------+--------------+-------------------------+---------------------+------------------------------------+
; Analysis & Synthesis      ; 00:00:02     ; 1.0                     ; 4686 MB             ; 00:00:02                           ;
; Fitter                    ; 00:00:12     ; 1.6                     ; 5365 MB             ; 00:00:13                           ;
; Assembler                 ; 00:00:01     ; 1.0                     ; 4593 MB             ; 00:00:01                           ;
; TimeQuest Timing Analyzer ; 00:00:03     ; 1.0                     ; 4647 MB             ; 00:00:04                           ;
; EDA Netlist Writer        ; 00:00:00     ; 1.0                     ; 4584 MB             ; 00:00:01                           ;
; EDA Netlist Writer        ; 00:00:00     ; 1.0                     ; 4597 MB             ; 00:00:01                           ;
; EDA Netlist Writer        ; 00:00:01     ; 1.0                     ; 4597 MB             ; 00:00:01                           ;
; EDA Netlist Writer        ; 00:00:01     ; 1.0                     ; 4597 MB             ; 00:00:01                           ;
; EDA Netlist Writer        ; 00:00:01     ; 1.0                     ; 4597 MB             ; 00:00:01                           ;
; Total                     ; 00:00:21     ; --                      ; --                  ; 00:00:25                           ;
+---------------------------+--------------+-------------------------+---------------------+------------------------------------+


+----------------------------------------------------------------------------------------+
; Flow OS Summary                                                                        ;
+---------------------------+------------------+-----------+------------+----------------+
; Module Name               ; Machine Hostname ; OS Name   ; OS Version ; Processor type ;
+---------------------------+------------------+-----------+------------+----------------+
; Analysis & Synthesis      ; Ethan            ; Windows 7 ; 6.2        ; x86_64         ;
; Fitter                    ; Ethan            ; Windows 7 ; 6.2        ; x86_64         ;
; Assembler                 ; Ethan            ; Windows 7 ; 6.2        ; x86_64         ;
; TimeQuest Timing Analyzer ; Ethan            ; Windows 7 ; 6.2        ; x86_64         ;
; EDA Netlist Writer        ; Ethan            ; Windows 7 ; 6.2        ; x86_64         ;
; EDA Netlist Writer        ; Ethan            ; Windows 7 ; 6.2        ; x86_64         ;
; EDA Netlist Writer        ; Ethan            ; Windows 7 ; 6.2        ; x86_64         ;
; EDA Netlist Writer        ; Ethan            ; Windows 7 ; 6.2        ; x86_64         ;
; EDA Netlist Writer        ; Ethan            ; Windows 7 ; 6.2        ; x86_64         ;
+---------------------------+------------------+-----------+------------+----------------+


------------
; Flow Log ;
------------
quartus_map --read_settings_files=on --write_settings_files=off 8-bit-cpu -c 8-bit-cpu
quartus_fit --read_settings_files=off --write_settings_files=off 8-bit-cpu -c 8-bit-cpu
quartus_asm --read_settings_files=off --write_settings_files=off 8-bit-cpu -c 8-bit-cpu
quartus_sta 8-bit-cpu -c 8-bit-cpu
quartus_eda --read_settings_files=off --write_settings_files=off 8-bit-cpu -c 8-bit-cpu
quartus_eda --gen_testbench --check_outputs=on --tool=modelsim_oem --format=verilog 8-bit-cpu -c 8-bit-cpu --vector_source=F:/GitHub/Computer-composition-principle/ALU_MD.vwf --testbench_file=./simulation/qsim/8-bit-cpu.vt
quartus_eda --functional=on --simulation=on --tool=modelsim_oem --format=verilog 8-bit-cpu -c 8-bit-cpu
quartus_eda --gen_testbench --check_outputs=on --tool=modelsim_oem --format=verilog 8-bit-cpu -c 8-bit-cpu --vector_source=F:/GitHub/Computer-composition-principle/ALU_MD.vwf --testbench_file=./simulation/qsim/8-bit-cpu.vt
quartus_eda --functional=on --simulation=on --tool=modelsim_oem --format=verilog 8-bit-cpu -c 8-bit-cpu



